# JRE version: Java(TM) SE Runtime Environment (7.0_55-b13) (build 1.7.0_55-b13)
# Java VM: Java HotSpot(TM) 64-Bit Server VM (24.55-b03 mixed mode windows-amd64 compressed oops)
Heap
 PSYoungGen      total 244224K, used 61506K [0x00000007d5c80000, 0x00000007e9200000, 0x0000000800000000)
  eden space 240640K, 24% used [0x00000007d5c80000,0x00000007d952e890,0x00000007e4780000)
  from space 3584K, 96% used [0x00000007e8e80000,0x00000007e91e2020,0x00000007e9200000)
  to   space 16384K, 0% used [0x00000007e7200000,0x00000007e7200000,0x00000007e8200000)
 ParOldGen       total 140800K, used 73004K [0x0000000781600000, 0x0000000789f80000, 0x00000007d5c80000)
  object space 140800K, 51% used [0x0000000781600000,0x0000000785d4b330,0x0000000789f80000)
 PSPermGen       total 40448K, used 22839K [0x000000077c400000, 0x000000077eb80000, 0x0000000781600000)
  object space 40448K, 56% used [0x000000077c400000,0x000000077da4dc08,0x000000077eb80000)
GC Heap History (10 events):
Event: 1471.397 GC heap before
{Heap before GC invocations=15 (full 1):
 PSYoungGen      total 313856K, used 313099K [0x00000007d5c80000, 0x00000007eb400000, 0x0000000800000000)
  eden space 299520K, 99% used [0x00000007d5c80000,0x00000007e8052d68,0x00000007e8100000)
  from space 14336K, 99% used [0x00000007ea180000,0x00000007eaf70000,0x00000007eaf80000)
  to   space 4608K, 0% used [0x00000007eaf80000,0x00000007eaf80000,0x00000007eb400000)
 ParOldGen       total 140800K, used 60681K [0x0000000781600000, 0x0000000789f80000, 0x00000007d5c80000)
  object space 140800K, 43% used [0x0000000781600000,0x00000007851425f8,0x0000000789f80000)
 PSPermGen       total 40448K, used 22799K [0x000000077c400000, 0x000000077eb80000, 0x0000000781600000)
  object space 40448K, 56% used [0x000000077c400000,0x000000077da43f80,0x000000077eb80000)
Event: 1471.412 GC heap after
Heap after GC invocations=15 (full 1):
 PSYoungGen      total 291328K, used 4592K [0x00000007d5c80000, 0x00000007eb400000, 0x0000000800000000)
  eden space 286720K, 0% used [0x00000007d5c80000,0x00000007d5c80000,0x00000007e7480000)
  from space 4608K, 99% used [0x00000007eaf80000,0x00000007eb3fc020,0x00000007eb400000)
  to   space 17408K, 0% used [0x00000007e9200000,0x00000007e9200000,0x00000007ea300000)
 ParOldGen       total 140800K, used 65952K [0x0000000781600000, 0x0000000789f80000, 0x00000007d5c80000)
  object space 140800K, 46% used [0x0000000781600000,0x00000007856682d0,0x0000000789f80000)
 PSPermGen       total 40448K, used 22799K [0x000000077c400000, 0x000000077eb80000, 0x0000000781600000)
  object space 40448K, 56% used [0x000000077c400000,0x000000077da43f80,0x000000077eb80000)
}
Event: 1481.845 GC heap before
{Heap before GC invocations=16 (full 1):
 PSYoungGen      total 291328K, used 290771K [0x00000007d5c80000, 0x00000007eb400000, 0x0000000800000000)
  eden space 286720K, 99% used [0x00000007d5c80000,0x00000007e73f8ca0,0x00000007e7480000)
  from space 4608K, 99% used [0x00000007eaf80000,0x00000007eb3fc020,0x00000007eb400000)
  to   space 17408K, 0% used [0x00000007e9200000,0x00000007e9200000,0x00000007ea300000)
 ParOldGen       total 140800K, used 65952K [0x0000000781600000, 0x0000000789f80000, 0x00000007d5c80000)
  object space 140800K, 46% used [0x0000000781600000,0x00000007856682d0,0x0000000789f80000)
 PSPermGen       total 40448K, used 22802K [0x000000077c400000, 0x000000077eb80000, 0x0000000781600000)
  object space 40448K, 56% used [0x000000077c400000,0x000000077da44a50,0x000000077eb80000)
Event: 1481.865 GC heap after
Heap after GC invocations=16 (full 1):
 PSYoungGen      total 276480K, used 1700K [0x00000007d5c80000, 0x00000007eb000000, 0x0000000800000000)
  eden space 274432K, 0% used [0x00000007d5c80000,0x00000007d5c80000,0x00000007e6880000)
  from space 2048K, 83% used [0x00000007e9200000,0x00000007e93a9010,0x00000007e9400000)
  to   space 17920K, 0% used [0x00000007e9e80000,0x00000007e9e80000,0x00000007eb000000)
 ParOldGen       total 140800K, used 73004K [0x0000000781600000, 0x0000000789f80000, 0x00000007d5c80000)
  object space 140800K, 51% used [0x0000000781600000,0x0000000785d4b330,0x0000000789f80000)
 PSPermGen       total 40448K, used 22802K [0x000000077c400000, 0x000000077eb80000, 0x0000000781600000)
  object space 40448K, 56% used [0x000000077c400000,0x000000077da44a50,0x000000077eb80000)
}
Event: 1491.059 GC heap before
{Heap before GC invocations=17 (full 1):
 PSYoungGen      total 276480K, used 276094K [0x00000007d5c80000, 0x00000007eb000000, 0x0000000800000000)
  eden space 274432K, 99% used [0x00000007d5c80000,0x00000007e6876a80,0x00000007e6880000)
  from space 2048K, 83% used [0x00000007e9200000,0x00000007e93a9010,0x00000007e9400000)
  to   space 17920K, 0% used [0x00000007e9e80000,0x00000007e9e80000,0x00000007eb000000)
 ParOldGen       total 140800K, used 73004K [0x0000000781600000, 0x0000000789f80000, 0x00000007d5c80000)
  object space 140800K, 51% used [0x0000000781600000,0x0000000785d4b330,0x0000000789f80000)
 PSPermGen       total 40448K, used 22810K [0x000000077c400000, 0x000000077eb80000, 0x0000000781600000)
  object space 40448K, 56% used [0x000000077c400000,0x000000077da469d0,0x000000077eb80000)
Event: 1491.065 GC heap after
Heap after GC invocations=17 (full 1):
 PSYoungGen      total 267776K, used 5008K [0x00000007d5c80000, 0x00000007ea380000, 0x0000000800000000)
  eden space 262656K, 0% used [0x00000007d5c80000,0x00000007d5c80000,0x00000007e5d00000)
  from space 5120K, 97% used [0x00000007e9e80000,0x00000007ea364040,0x00000007ea380000)
  to   space 17408K, 0% used [0x00000007e8180000,0x00000007e8180000,0x00000007e9280000)
 ParOldGen       total 140800K, used 73004K [0x0000000781600000, 0x0000000789f80000, 0x00000007d5c80000)
  object space 140800K, 51% used [0x0000000781600000,0x0000000785d4b330,0x0000000789f80000)
 PSPermGen       total 40448K, used 22810K [0x000000077c400000, 0x000000077eb80000, 0x0000000781600000)
  object space 40448K, 56% used [0x000000077c400000,0x000000077da469d0,0x000000077eb80000)
}
Event: 1499.843 GC heap before
{Heap before GC invocations=18 (full 1):
 PSYoungGen      total 267776K, used 267234K [0x00000007d5c80000, 0x00000007ea380000, 0x0000000800000000)
  eden space 262656K, 99% used [0x00000007d5c80000,0x00000007e5c94b18,0x00000007e5d00000)
  from space 5120K, 97% used [0x00000007e9e80000,0x00000007ea364040,0x00000007ea380000)
  to   space 17408K, 0% used [0x00000007e8180000,0x00000007e8180000,0x00000007e9280000)
 ParOldGen       total 140800K, used 73004K [0x0000000781600000, 0x0000000789f80000, 0x00000007d5c80000)
  object space 140800K, 51% used [0x0000000781600000,0x0000000785d4b330,0x0000000789f80000)
 PSPermGen       total 40448K, used 22815K [0x000000077c400000, 0x000000077eb80000, 0x0000000781600000)
  object space 40448K, 56% used [0x000000077c400000,0x000000077da47f58,0x000000077eb80000)
Event: 1499.846 GC heap after
Heap after GC invocations=18 (full 1):
 PSYoungGen      total 257024K, used 5136K [0x00000007d5c80000, 0x00000007e9f00000, 0x0000000800000000)
  eden space 251392K, 0% used [0x00000007d5c80000,0x00000007d5c80000,0x00000007e5200000)
  from space 5632K, 91% used [0x00000007e8180000,0x00000007e8684040,0x00000007e8700000)
  to   space 16896K, 0% used [0x00000007e8e80000,0x00000007e8e80000,0x00000007e9f00000)
 ParOldGen       total 140800K, used 73004K [0x0000000781600000, 0x0000000789f80000, 0x00000007d5c80000)
  object space 140800K, 51% used [0x0000000781600000,0x0000000785d4b330,0x0000000789f80000)
 PSPermGen       total 40448K, used 22815K [0x000000077c400000, 0x000000077eb80000, 0x0000000781600000)
  object space 40448K, 56% used [0x000000077c400000,0x000000077da47f58,0x000000077eb80000)
}
Event: 1508.194 GC heap before
{Heap before GC invocations=19 (full 1):
 PSYoungGen      total 257024K, used 256476K [0x00000007d5c80000, 0x00000007e9f00000, 0x0000000800000000)
  eden space 251392K, 99% used [0x00000007d5c80000,0x00000007e51f3288,0x00000007e5200000)
  from space 5632K, 91% used [0x00000007e8180000,0x00000007e8684040,0x00000007e8700000)
  to   space 16896K, 0% used [0x00000007e8e80000,0x00000007e8e80000,0x00000007e9f00000)
 ParOldGen       total 140800K, used 73004K [0x0000000781600000, 0x0000000789f80000, 0x00000007d5c80000)
  object space 140800K, 51% used [0x0000000781600000,0x0000000785d4b330,0x0000000789f80000)
 PSPermGen       total 40448K, used 22818K [0x000000077c400000, 0x000000077eb80000, 0x0000000781600000)
  object space 40448K, 56% used [0x000000077c400000,0x000000077da48a18,0x000000077eb80000)
Event: 1508.199 GC heap after
Heap after GC invocations=19 (full 1):
 PSYoungGen      total 244224K, used 3464K [0x00000007d5c80000, 0x00000007e9200000, 0x0000000800000000)
  eden space 240640K, 0% used [0x00000007d5c80000,0x00000007d5c80000,0x00000007e4780000)
  from space 3584K, 96% used [0x00000007e8e80000,0x00000007e91e2020,0x00000007e9200000)
  to   space 16384K, 0% used [0x00000007e7200000,0x00000007e7200000,0x00000007e8200000)
 ParOldGen       total 140800K, used 73004K [0x0000000781600000, 0x0000000789f80000, 0x00000007d5c80000)
  object space 140800K, 51% used [0x0000000781600000,0x0000000785d4b330,0x0000000789f80000)
 PSPermGen       total 40448K, used 22818K [0x000000077c400000, 0x000000077eb80000, 0x0000000781600000)
  object space 40448K, 56% used [0x000000077c400000,0x000000077da48a18,0x000000077eb80000)
}

